Using pre-set license
Built from '2022.3/staging' branch; Version is '2022.3.45f1 (a13dfa44d684) revision 10567162'; Using compiler version '192829333'; Build Type 'Release'
OS: 'Windows 11  (10.0.22631) 64bit Core' Language: 'en' Physical Memory: 31996 MB
BatchMode: 1, IsHumanControllingUs: 0, StartBugReporterOnCrash: 0, Is64bit: 1, IsPro: 1

COMMAND LINE ARGUMENTS:
C:\Program Files\Unity\Hub\Editor\2022.3.45f1\Editor\Unity.exe
-adb2
-batchMode
-noUpm
-name
AssetImportWorker0
-projectPath
C:/Users/r/Unity/GitHub/Programming-Theory-Repo/Programming Theory Project
-logFile
Logs/AssetImportWorker0.log
-srvPort
56929
Successfully changed project path to: C:/Users/r/Unity/GitHub/Programming-Theory-Repo/Programming Theory Project
C:/Users/r/Unity/GitHub/Programming-Theory-Repo/Programming Theory Project
[UnityMemory] Configuration Parameters - Can be set up in boot.config
    "memorysetup-bucket-allocator-granularity=16"
    "memorysetup-bucket-allocator-bucket-count=8"
    "memorysetup-bucket-allocator-block-size=33554432"
    "memorysetup-bucket-allocator-block-count=8"
    "memorysetup-main-allocator-block-size=16777216"
    "memorysetup-thread-allocator-block-size=16777216"
    "memorysetup-gfx-main-allocator-block-size=16777216"
    "memorysetup-gfx-thread-allocator-block-size=16777216"
    "memorysetup-cache-allocator-block-size=4194304"
    "memorysetup-typetree-allocator-block-size=2097152"
    "memorysetup-profiler-bucket-allocator-granularity=16"
    "memorysetup-profiler-bucket-allocator-bucket-count=8"
    "memorysetup-profiler-bucket-allocator-block-size=33554432"
    "memorysetup-profiler-bucket-allocator-block-count=8"
    "memorysetup-profiler-allocator-block-size=16777216"
    "memorysetup-profiler-editor-allocator-block-size=1048576"
    "memorysetup-temp-allocator-size-main=16777216"
    "memorysetup-job-temp-allocator-block-size=2097152"
    "memorysetup-job-temp-allocator-block-size-background=1048576"
    "memorysetup-job-temp-allocator-reduction-small-platforms=262144"
    "memorysetup-allocator-temp-initial-block-size-main=262144"
    "memorysetup-allocator-temp-initial-block-size-worker=262144"
    "memorysetup-temp-allocator-size-background-worker=32768"
    "memorysetup-temp-allocator-size-job-worker=262144"
    "memorysetup-temp-allocator-size-preload-manager=33554432"
    "memorysetup-temp-allocator-size-nav-mesh-worker=65536"
    "memorysetup-temp-allocator-size-audio-worker=65536"
    "memorysetup-temp-allocator-size-cloud-worker=32768"
    "memorysetup-temp-allocator-size-gi-baking-worker=262144"
    "memorysetup-temp-allocator-size-gfx=262144"
Player connection [44044]  Target information:

Player connection [44044]  * "[IP] 10.73.12.11 [Port] 0 [Flags] 2 [Guid] 2031740125 [EditorId] 2031740125 [Version] 1048832 [Id] WindowsEditor(7,x13) [Debug] 1 [PackageName] WindowsEditor [ProjectName] Editor" 

Player connection [44044] Host joined multi-casting on [225.0.0.222:54997]...
Player connection [44044] Host joined alternative multi-casting on [225.0.0.222:34997]...
[PhysX] Initialized MultithreadedTaskDispatcher with 16 workers.
Refreshing native plugins compatible for Editor in 7.38 ms, found 3 plugins.
Preloading 0 native plugins for Editor in 0.00 ms.
Initialize engine version: 2022.3.45f1 (a13dfa44d684)
[Subsystems] Discovering subsystems at path C:/Program Files/Unity/Hub/Editor/2022.3.45f1/Editor/Data/Resources/UnitySubsystems
[Subsystems] Discovering subsystems at path C:/Users/r/Unity/GitHub/Programming-Theory-Repo/Programming Theory Project/Assets
GfxDevice: creating device client; threaded=0; jobified=0
Direct3D:
    Version:  Direct3D 11.0 [level 11.1]
    Renderer: AMD Radeon(TM) Graphics (ID=0x1681)
    Vendor:   ATI
    VRAM:     15998 MB
    Driver:   31.0.12028.21003
Initialize mono
Mono path[0] = 'C:/Program Files/Unity/Hub/Editor/2022.3.45f1/Editor/Data/Managed'
Mono path[1] = 'C:/Program Files/Unity/Hub/Editor/2022.3.45f1/Editor/Data/MonoBleedingEdge/lib/mono/unityjit-win32'
Mono config path = 'C:/Program Files/Unity/Hub/Editor/2022.3.45f1/Editor/Data/MonoBleedingEdge/etc'
Using monoOptions --debugger-agent=transport=dt_socket,embedding=1,server=y,suspend=n,address=127.0.0.1:56328
Begin MonoManager ReloadAssembly
Registering precompiled unity dll's ...
Register platform support module: C:/Program Files/Unity/Hub/Editor/2022.3.45f1/Editor/Data/PlaybackEngines/WebGLSupport/UnityEditor.WebGL.Extensions.dll
Register platform support module: C:/Program Files/Unity/Hub/Editor/2022.3.45f1/Editor/Data/PlaybackEngines/AndroidPlayer/UnityEditor.Android.Extensions.dll
Register platform support module: C:/Program Files/Unity/Hub/Editor/2022.3.45f1/Editor/Data/PlaybackEngines/WindowsStandaloneSupport/UnityEditor.WindowsStandalone.Extensions.dll
Registered in 0.007898 seconds.
- Loaded All Assemblies, in  0.298 seconds
Native extension for WindowsStandalone target not found
Native extension for Android target not found
Android Extension - Scanning For ADB Devices 263 ms
Native extension for WebGL target not found
Mono: successfully reloaded assembly
- Finished resetting the current domain, in  0.533 seconds
Domain Reload Profiling: 830ms
	BeginReloadAssembly (91ms)
		ExecutionOrderSort (0ms)
		DisableScriptedObjects (0ms)
		BackupInstance (0ms)
		ReleaseScriptingObjects (0ms)
		CreateAndSetChildDomain (1ms)
	RebuildCommonClasses (26ms)
	RebuildNativeTypeToScriptingClass (7ms)
	initialDomainReloadingComplete (54ms)
	LoadAllAssembliesAndSetupDomain (119ms)
		LoadAssemblies (90ms)
		RebuildTransferFunctionScriptingTraits (0ms)
		AnalyzeDomain (117ms)
			TypeCache.Refresh (115ms)
				TypeCache.ScanAssembly (104ms)
			ScanForSourceGeneratedMonoScriptInfo (0ms)
			ResolveRequiredComponents (0ms)
	FinalizeReload (534ms)
		ReleaseScriptCaches (0ms)
		RebuildScriptCaches (0ms)
		SetupLoadedEditorAssemblies (491ms)
			LogAssemblyErrors (0ms)
			InitializePlatformSupportModulesInManaged (348ms)
			SetLoadedEditorAssemblies (4ms)
			RefreshPlugins (0ms)
			BeforeProcessingInitializeOnLoad (2ms)
			ProcessInitializeOnLoadAttributes (100ms)
			ProcessInitializeOnLoadMethodAttributes (37ms)
			AfterProcessingInitializeOnLoad (0ms)
			EditorAssembliesLoaded (0ms)
		ExecutionOrderSort2 (0ms)
		AwakeInstancesAfterBackupRestoration (0ms)
========================================================================
Worker process is ready to serve import requests
Caller must complete domain reload
Begin MonoManager ReloadAssembly
- Loaded All Assemblies, in  0.584 seconds
Native extension for WindowsStandalone target not found
Native extension for Android target not found
Native extension for WebGL target not found
Package Manager log level set to [2]
[Package Manager] Server::EnsureServerProcessIsRunning -- launch failed, reason: Unity was launched with the -noUpm command-line argument
[Package Manager] UpmClient::Send -- Unable to send message (not connected to UPM process).
[Package Manager] Cannot connect to Unity Package Manager local server
Mono: successfully reloaded assembly
- Finished resetting the current domain, in  0.773 seconds
Domain Reload Profiling: 1355ms
	BeginReloadAssembly (151ms)
		ExecutionOrderSort (0ms)
		DisableScriptedObjects (5ms)
		BackupInstance (0ms)
		ReleaseScriptingObjects (0ms)
		CreateAndSetChildDomain (27ms)
	RebuildCommonClasses (32ms)
	RebuildNativeTypeToScriptingClass (9ms)
	initialDomainReloadingComplete (38ms)
	LoadAllAssembliesAndSetupDomain (353ms)
		LoadAssemblies (279ms)
		RebuildTransferFunctionScriptingTraits (0ms)
		AnalyzeDomain (158ms)
			TypeCache.Refresh (139ms)
				TypeCache.ScanAssembly (122ms)
			ScanForSourceGeneratedMonoScriptInfo (13ms)
			ResolveRequiredComponents (4ms)
	FinalizeReload (774ms)
		ReleaseScriptCaches (0ms)
		RebuildScriptCaches (0ms)
		SetupLoadedEditorAssemblies (626ms)
			LogAssemblyErrors (0ms)
			InitializePlatformSupportModulesInManaged (22ms)
			SetLoadedEditorAssemblies (4ms)
			RefreshPlugins (0ms)
			BeforeProcessingInitializeOnLoad (56ms)
			ProcessInitializeOnLoadAttributes (518ms)
			ProcessInitializeOnLoadMethodAttributes (20ms)
			AfterProcessingInitializeOnLoad (5ms)
			EditorAssembliesLoaded (0ms)
		ExecutionOrderSort2 (0ms)
		AwakeInstancesAfterBackupRestoration (6ms)
Launched and connected shader compiler UnityShaderCompiler.exe after 0.05 seconds
Refreshing native plugins compatible for Editor in 3.68 ms, found 3 plugins.
Preloading 0 native plugins for Editor in 0.00 ms.
Unloading 3105 Unused Serialized files (Serialized files now loaded: 0)
Unloading 19 unused Assets / (54.7 KB). Loaded Objects now: 3574.
Memory consumption went from 125.1 MB to 125.1 MB.
Total: 4.358600 ms (FindLiveObjects: 0.324600 ms CreateObjectMapping: 0.275200 ms MarkObjects: 3.611900 ms  DeleteObjects: 0.144400 ms)

AssetImportParameters requested are different than current active one (requested -> active):
  custom:container-demuxer-ogg: 62fdf1f143b41e24485cea50d1cbac27 -> 
  custom:video-codec-MediaFoundation-h265: 746d11721c4dcdbdad8f713fa42b33f4 -> 
  custom:video-decoder-ogg-theora: a1e56fd34408186e4bbccfd4996cb3dc -> 
  custom:framework-win-MediaFoundation: 216162199b28c13a410421893ffa2e32 -> 
  custom:CustomObjectIndexerAttribute: 9a22284fe3817be447336de3de66b15e -> 
  custom:container-demuxer-webm: 4f35f7cbe854078d1ac9338744f61a02 -> 
  custom:container-muxer-webm: aa71ff27fc2769a1b78a27578f13a17b -> 
  custom:video-decoder-webm-vp8: 9c59270c3fd7afecdb556c50c9e8de78 -> 
  custom:SearchIndexIgnoredProperties: e643bd26f0fe6173181afceb89e7c659 -> 
  custom:AudioImporter_EditorPlatform: d09bf68614088b80899f8185d706f6e7 -> 
  custom:video-encoder-webm-vp8: eb34c28f22e8b96e1ab97ce403110664 -> 
  custom:audio-decoder-ogg-vorbis: bf7c407c2cedff20999df2af8eb42d56 -> 
  custom:audio-encoder-webm-vorbis: bf7c407c2cedff20999df2af8eb42d56 -> 
========================================================================
Received Import Request.
  Time since last request: 669904.658439 seconds.
  path: Assets/Scenes/New Scene.unity
  artifactKey: Guid(73d4ff8e4bbf57b438c9475dcfa4adc1) Importer(815301076,1909f56bfc062723c751e8b465ee728b)
Start importing Assets/Scenes/New Scene.unity using Guid(73d4ff8e4bbf57b438c9475dcfa4adc1) Importer(815301076,1909f56bfc062723c751e8b465ee728b) [PhysX] Initialized MultithreadedTaskDispatcher with 16 workers.
 -> (artifact id: '69b1b9e8dfb3f8f6ee8971d8bba04445') in 0.002119 seconds
Number of updated asset objects reloaded before import = 0
Number of asset objects unloaded after import = 0
========================================================================
Received Import Request.
  Time since last request: 9.083084 seconds.
  path: Assets/Scenes/TitleScreen.unity
  artifactKey: Guid(73d4ff8e4bbf57b438c9475dcfa4adc1) Importer(815301076,1909f56bfc062723c751e8b465ee728b)
Start importing Assets/Scenes/TitleScreen.unity using Guid(73d4ff8e4bbf57b438c9475dcfa4adc1) Importer(815301076,1909f56bfc062723c751e8b465ee728b) [PhysX] Initialized MultithreadedTaskDispatcher with 16 workers.
 -> (artifact id: 'f75582644cdc8d2f42dde465d9965892') in 0.000486 seconds
Number of updated asset objects reloaded before import = 0
Number of asset objects unloaded after import = 0
========================================================================
Received Import Request.
  Time since last request: 173.354154 seconds.
  path: Assets/SimpleFantasy/Models/Characters/Animations/Animations.fbx
  artifactKey: Guid(d55a3dafe23105e409ee70d6605cbd49) Importer(815301076,1909f56bfc062723c751e8b465ee728b)
Start importing Assets/SimpleFantasy/Models/Characters/Animations/Animations.fbx using Guid(d55a3dafe23105e409ee70d6605cbd49) Importer(815301076,1909f56bfc062723c751e8b465ee728b) [PhysX] Initialized MultithreadedTaskDispatcher with 16 workers.
 -> (artifact id: '49841e14b2613611a9b267068a402169') in 0.034998 seconds
Number of updated asset objects reloaded before import = 0
Number of asset objects unloaded after import = 79
========================================================================
Received Import Request.
  Time since last request: 2.925127 seconds.
  path: Assets/SimpleFantasy/Textures/Bard.png
  artifactKey: Guid(07587d6a84cb6bc42868f4107c6b164e) Importer(815301076,1909f56bfc062723c751e8b465ee728b)
Start importing Assets/SimpleFantasy/Textures/Bard.png using Guid(07587d6a84cb6bc42868f4107c6b164e) Importer(815301076,1909f56bfc062723c751e8b465ee728b) [PhysX] Initialized MultithreadedTaskDispatcher with 16 workers.
[PhysX] Initialized MultithreadedTaskDispatcher with 16 workers.
 -> (artifact id: 'd2be04b995b808e724997fea85715df0') in 0.067504 seconds
Number of updated asset objects reloaded before import = 0
Number of asset objects unloaded after import = 2
========================================================================
Received Import Request.
  Time since last request: 0.150067 seconds.
  path: Assets/SimpleFantasy/Textures/Bartender.png
  artifactKey: Guid(08b2ac251b99c7a498f6859e2000d4e5) Importer(815301076,1909f56bfc062723c751e8b465ee728b)
Start importing Assets/SimpleFantasy/Textures/Bartender.png using Guid(08b2ac251b99c7a498f6859e2000d4e5) Importer(815301076,1909f56bfc062723c751e8b465ee728b) [PhysX] Initialized MultithreadedTaskDispatcher with 16 workers.
[PhysX] Initialized MultithreadedTaskDispatcher with 16 workers.
 -> (artifact id: 'eb1723f2a2a32734a759678700ca1002') in 0.018051 seconds
Number of updated asset objects reloaded before import = 0
Number of asset objects unloaded after import = 2
========================================================================
Received Import Request.
  Time since last request: 0.101527 seconds.
  path: Assets/SimpleFantasy/Textures/BlankWhite.png
  artifactKey: Guid(a2b5321a24389f54da0e01192dc7671e) Importer(815301076,1909f56bfc062723c751e8b465ee728b)
Start importing Assets/SimpleFantasy/Textures/BlankWhite.png using Guid(a2b5321a24389f54da0e01192dc7671e) Importer(815301076,1909f56bfc062723c751e8b465ee728b) [PhysX] Initialized MultithreadedTaskDispatcher with 16 workers.
[PhysX] Initialized MultithreadedTaskDispatcher with 16 workers.
 -> (artifact id: 'de216865c27ff505ab5c1eb3623f6e71') in 0.015964 seconds
Number of updated asset objects reloaded before import = 0
Number of asset objects unloaded after import = 2
========================================================================
Received Import Request.
  Time since last request: 5.025455 seconds.
  path: Assets/SimpleFantasy/Textures/Doctor.png
  artifactKey: Guid(9f07534f6bb882a409b6365d50ee2127) Importer(815301076,1909f56bfc062723c751e8b465ee728b)
Start importing Assets/SimpleFantasy/Textures/Doctor.png using Guid(9f07534f6bb882a409b6365d50ee2127) Importer(815301076,1909f56bfc062723c751e8b465ee728b) [PhysX] Initialized MultithreadedTaskDispatcher with 16 workers.
[PhysX] Initialized MultithreadedTaskDispatcher with 16 workers.
 -> (artifact id: '591ca3dd73b58aec7bd1f86fcf879369') in 0.013313 seconds
Number of updated asset objects reloaded before import = 0
Number of asset objects unloaded after import = 2
========================================================================
Received Import Request.
  Time since last request: 0.000020 seconds.
  path: Assets/SimpleFantasy/Textures/Elf_Female.png
  artifactKey: Guid(98cf3250d96197d4d8188a96526fffc1) Importer(815301076,1909f56bfc062723c751e8b465ee728b)
Start importing Assets/SimpleFantasy/Textures/Elf_Female.png using Guid(98cf3250d96197d4d8188a96526fffc1) Importer(815301076,1909f56bfc062723c751e8b465ee728b) [PhysX] Initialized MultithreadedTaskDispatcher with 16 workers.
[PhysX] Initialized MultithreadedTaskDispatcher with 16 workers.
 -> (artifact id: '1eea2cabfa715359ac4abe794aed1bb8') in 0.016345 seconds
Number of updated asset objects reloaded before import = 0
Number of asset objects unloaded after import = 2
========================================================================
Received Import Request.
  Time since last request: 0.000023 seconds.
  path: Assets/SimpleFantasy/Textures/Elf_Knight.png
  artifactKey: Guid(702a5f16e82b55243880bcd7699e74d7) Importer(815301076,1909f56bfc062723c751e8b465ee728b)
Start importing Assets/SimpleFantasy/Textures/Elf_Knight.png using Guid(702a5f16e82b55243880bcd7699e74d7) Importer(815301076,1909f56bfc062723c751e8b465ee728b) [PhysX] Initialized MultithreadedTaskDispatcher with 16 workers.
[PhysX] Initialized MultithreadedTaskDispatcher with 16 workers.
 -> (artifact id: '5f4683954f902cb551d103f0d96948df') in 0.014597 seconds
Number of updated asset objects reloaded before import = 0
Number of asset objects unloaded after import = 2
========================================================================
Received Import Request.
  Time since last request: 0.003921 seconds.
  path: Assets/SimpleFantasy/Models/Prefabbed/SF_Bld_Elven_Castle_Gate_01.fbx
  artifactKey: Guid(d273c118239b81149ae72120a8c23e6d) Importer(815301076,1909f56bfc062723c751e8b465ee728b)
Start importing Assets/SimpleFantasy/Models/Prefabbed/SF_Bld_Elven_Castle_Gate_01.fbx using Guid(d273c118239b81149ae72120a8c23e6d) Importer(815301076,1909f56bfc062723c751e8b465ee728b) [PhysX] Initialized MultithreadedTaskDispatcher with 16 workers.
[PhysX] Initialized MultithreadedTaskDispatcher with 16 workers.
[PhysX] Initialized MultithreadedTaskDispatcher with 16 workers.
[PhysX] Initialized MultithreadedTaskDispatcher with 16 workers.
[PhysX] Initialized MultithreadedTaskDispatcher with 16 workers.
[PhysX] Initialized MultithreadedTaskDispatcher with 16 workers.
[PhysX] Initialized MultithreadedTaskDispatcher with 16 workers.
 -> (artifact id: '2bfe5f7a12adc1c63a08f854de5c889c') in 0.110983 seconds
Number of updated asset objects reloaded before import = 0
Number of asset objects unloaded after import = 17
========================================================================
Received Import Request.
  Time since last request: 0.000024 seconds.
  path: Assets/SimpleFantasy/Models/Prefabbed/SF_Bld_Undead_Castle_Bridge_01.fbx
  artifactKey: Guid(0141c46cd49b96844865048e38dd0996) Importer(815301076,1909f56bfc062723c751e8b465ee728b)
Start importing Assets/SimpleFantasy/Models/Prefabbed/SF_Bld_Undead_Castle_Bridge_01.fbx using Guid(0141c46cd49b96844865048e38dd0996) Importer(815301076,1909f56bfc062723c751e8b465ee728b) [PhysX] Initialized MultithreadedTaskDispatcher with 16 workers.
[PhysX] Initialized MultithreadedTaskDispatcher with 16 workers.
[PhysX] Initialized MultithreadedTaskDispatcher with 16 workers.
 -> (artifact id: 'b3383e413a63a7a64b0a9ad8d28b618f') in 0.023731 seconds
Number of updated asset objects reloaded before import = 0
Number of asset objects unloaded after import = 7
========================================================================
Received Import Request.
  Time since last request: 0.000033 seconds.
  path: Assets/SimpleFantasy/Prefabs/Buildings/SF_Bld_Tent_03.prefab
  artifactKey: Guid(a7e31e6a708263640856215588e1d261) Importer(815301076,1909f56bfc062723c751e8b465ee728b)
Start importing Assets/SimpleFantasy/Prefabs/Buildings/SF_Bld_Tent_03.prefab using Guid(a7e31e6a708263640856215588e1d261) Importer(815301076,1909f56bfc062723c751e8b465ee728b) [PhysX] Initialized MultithreadedTaskDispatcher with 16 workers.
[PhysX] Initialized MultithreadedTaskDispatcher with 16 workers.
 -> (artifact id: '87fe582a5a1a2b3ef6b747b62c1a23ad') in 0.021101 seconds
Number of updated asset objects reloaded before import = 0
Number of asset objects unloaded after import = 9
========================================================================
Received Import Request.
  Time since last request: 0.000027 seconds.
  path: Assets/SimpleFantasy/Models/Prefabbed/SF_Bld_Tent_04.fbx
  artifactKey: Guid(09582ca95668784449e507622d3d4574) Importer(815301076,1909f56bfc062723c751e8b465ee728b)
Start importing Assets/SimpleFantasy/Models/Prefabbed/SF_Bld_Tent_04.fbx using Guid(09582ca95668784449e507622d3d4574) Importer(815301076,1909f56bfc062723c751e8b465ee728b) [PhysX] Initialized MultithreadedTaskDispatcher with 16 workers.
[PhysX] Initialized MultithreadedTaskDispatcher with 16 workers.
[PhysX] Initialized MultithreadedTaskDispatcher with 16 workers.
 -> (artifact id: 'e2c044d1d9f98df3817f76f67f35f98b') in 0.033874 seconds
Number of updated asset objects reloaded before import = 0
Number of asset objects unloaded after import = 7
========================================================================
Received Import Request.
  Time since last request: 0.000029 seconds.
  path: Assets/SimpleFantasy/Prefabs/Environment/SF_Env_MudEdge_Corner_01.prefab
  artifactKey: Guid(c12963b1d4d93254791638f22aa2b506) Importer(815301076,1909f56bfc062723c751e8b465ee728b)
Start importing Assets/SimpleFantasy/Prefabs/Environment/SF_Env_MudEdge_Corner_01.prefab using Guid(c12963b1d4d93254791638f22aa2b506) Importer(815301076,1909f56bfc062723c751e8b465ee728b) [PhysX] Initialized MultithreadedTaskDispatcher with 16 workers.
[PhysX] Initialized MultithreadedTaskDispatcher with 16 workers.
 -> (artifact id: '25950f3008ca6921abb4e7ec64656717') in 0.022079 seconds
Number of updated asset objects reloaded before import = 0
Number of asset objects unloaded after import = 9
========================================================================
Received Import Request.
  Time since last request: 0.000038 seconds.
  path: Assets/SimpleFantasy/Prefabs/Environment/SF_Env_GravelPile_02.prefab
  artifactKey: Guid(f03483c617416944188d3e84eb2028fb) Importer(815301076,1909f56bfc062723c751e8b465ee728b)
Start importing Assets/SimpleFantasy/Prefabs/Environment/SF_Env_GravelPile_02.prefab using Guid(f03483c617416944188d3e84eb2028fb) Importer(815301076,1909f56bfc062723c751e8b465ee728b) [PhysX] Initialized MultithreadedTaskDispatcher with 16 workers.
[PhysX] Initialized MultithreadedTaskDispatcher with 16 workers.
 -> (artifact id: '803f87da518315f1d6f9d4aaa549fc8d') in 0.016239 seconds
Number of updated asset objects reloaded before import = 0
Number of asset objects unloaded after import = 9
========================================================================
Received Import Request.
  Time since last request: 0.000031 seconds.
  path: Assets/SimpleFantasy/Prefabs/Environment/SF_Env_Tree_Fall_13.prefab
  artifactKey: Guid(9ad0a33f87a61604990b2aa0562e791a) Importer(815301076,1909f56bfc062723c751e8b465ee728b)
Start importing Assets/SimpleFantasy/Prefabs/Environment/SF_Env_Tree_Fall_13.prefab using Guid(9ad0a33f87a61604990b2aa0562e791a) Importer(815301076,1909f56bfc062723c751e8b465ee728b) [PhysX] Initialized MultithreadedTaskDispatcher with 16 workers.
[PhysX] Initialized MultithreadedTaskDispatcher with 16 workers.
 -> (artifact id: 'cdeb3a69eabf61217ecc7725564bd58d') in 0.018001 seconds
Number of updated asset objects reloaded before import = 0
Number of asset objects unloaded after import = 9
========================================================================
Received Import Request.
  Time since last request: 0.000029 seconds.
  path: Assets/SimpleFantasy/Models/Prefabbed/SF_Env_Tree_Large_01.fbx
  artifactKey: Guid(007b7e648de256e43b446c4e0ec274c3) Importer(815301076,1909f56bfc062723c751e8b465ee728b)
Start importing Assets/SimpleFantasy/Models/Prefabbed/SF_Env_Tree_Large_01.fbx using Guid(007b7e648de256e43b446c4e0ec274c3) Importer(815301076,1909f56bfc062723c751e8b465ee728b) [PhysX] Initialized MultithreadedTaskDispatcher with 16 workers.
[PhysX] Initialized MultithreadedTaskDispatcher with 16 workers.
[PhysX] Initialized MultithreadedTaskDispatcher with 16 workers.
 -> (artifact id: 'b088cc5d7d9470807157048d2a4200fa') in 0.034236 seconds
Number of updated asset objects reloaded before import = 0
Number of asset objects unloaded after import = 7
========================================================================
Received Import Request.
  Time since last request: 0.000037 seconds.
  path: Assets/SimpleFantasy/Models/Prefabbed/SF_Veh_Trebuchet_01.fbx
  artifactKey: Guid(7c47b34df05f8d74191642b28b8c2906) Importer(815301076,1909f56bfc062723c751e8b465ee728b)
Start importing Assets/SimpleFantasy/Models/Prefabbed/SF_Veh_Trebuchet_01.fbx using Guid(7c47b34df05f8d74191642b28b8c2906) Importer(815301076,1909f56bfc062723c751e8b465ee728b) [PhysX] Initialized MultithreadedTaskDispatcher with 16 workers.
[PhysX] Initialized MultithreadedTaskDispatcher with 16 workers.
[PhysX] Initialized MultithreadedTaskDispatcher with 16 workers.
[PhysX] Initialized MultithreadedTaskDispatcher with 16 workers.
[PhysX] Initialized MultithreadedTaskDispatcher with 16 workers.
[PhysX] Initialized MultithreadedTaskDispatcher with 16 workers.
[PhysX] Initialized MultithreadedTaskDispatcher with 16 workers.
[PhysX] Initialized MultithreadedTaskDispatcher with 16 workers.
[PhysX] Initialized MultithreadedTaskDispatcher with 16 workers.
[PhysX] Initialized MultithreadedTaskDispatcher with 16 workers.
[PhysX] Initialized MultithreadedTaskDispatcher with 16 workers.
[PhysX] Initialized MultithreadedTaskDispatcher with 16 workers.
[PhysX] Initialized MultithreadedTaskDispatcher with 16 workers.
[PhysX] Initialized MultithreadedTaskDispatcher with 16 workers.
 -> (artifact id: '0de2f130b5a4e7d2ab732351eb6e4029') in 0.072578 seconds
Number of updated asset objects reloaded before import = 0
Number of asset objects unloaded after import = 37
========================================================================
Received Import Request.
  Time since last request: 0.000060 seconds.
  path: Assets/SimpleFantasy/Models/Prefabbed/SF_Wep_KiteShield_Symbol_011.fbx
  artifactKey: Guid(7feb7572e81c5ba47af148fe74e1dc7f) Importer(815301076,1909f56bfc062723c751e8b465ee728b)
Start importing Assets/SimpleFantasy/Models/Prefabbed/SF_Wep_KiteShield_Symbol_011.fbx using Guid(7feb7572e81c5ba47af148fe74e1dc7f) Importer(815301076,1909f56bfc062723c751e8b465ee728b) [PhysX] Initialized MultithreadedTaskDispatcher with 16 workers.
[PhysX] Initialized MultithreadedTaskDispatcher with 16 workers.
[PhysX] Initialized MultithreadedTaskDispatcher with 16 workers.
 -> (artifact id: 'e0a5aaead2723b1d6d1ec248e1894ab0') in 0.023632 seconds
Number of updated asset objects reloaded before import = 0
Number of asset objects unloaded after import = 7
========================================================================
Received Import Request.
  Time since last request: 0.000031 seconds.
  path: Assets/SimpleFantasy/Models/Prefabbed/SF_Wep_KiteShield_Symbol_09.fbx
  artifactKey: Guid(06cc65b812664ed4dbe7e4ca6682d80b) Importer(815301076,1909f56bfc062723c751e8b465ee728b)
Start importing Assets/SimpleFantasy/Models/Prefabbed/SF_Wep_KiteShield_Symbol_09.fbx using Guid(06cc65b812664ed4dbe7e4ca6682d80b) Importer(815301076,1909f56bfc062723c751e8b465ee728b) [PhysX] Initialized MultithreadedTaskDispatcher with 16 workers.
[PhysX] Initialized MultithreadedTaskDispatcher with 16 workers.
[PhysX] Initialized MultithreadedTaskDispatcher with 16 workers.
 -> (artifact id: '5a729c705b64f5447a838807d5dcfdd7') in 0.022350 seconds
Number of updated asset objects reloaded before import = 0
Number of asset objects unloaded after import = 7
========================================================================
Received Import Request.
  Time since last request: 0.000023 seconds.
  path: Assets/SimpleFantasy/Models/Prefabbed/SF_Env_MudEdge_Corner_01.fbx
  artifactKey: Guid(97066b93f0736b844bdcb37e3caa4743) Importer(815301076,1909f56bfc062723c751e8b465ee728b)
Start importing Assets/SimpleFantasy/Models/Prefabbed/SF_Env_MudEdge_Corner_01.fbx using Guid(97066b93f0736b844bdcb37e3caa4743) Importer(815301076,1909f56bfc062723c751e8b465ee728b) [PhysX] Initialized MultithreadedTaskDispatcher with 16 workers.
[PhysX] Initialized MultithreadedTaskDispatcher with 16 workers.
[PhysX] Initialized MultithreadedTaskDispatcher with 16 workers.
 -> (artifact id: '3a7143aba0fb3e794bc57d374c4498a7') in 0.022133 seconds
Number of updated asset objects reloaded before import = 0
Number of asset objects unloaded after import = 7
========================================================================
Received Import Request.
  Time since last request: 0.000030 seconds.
  path: Assets/SimpleFantasy/Prefabs/Environment/SF_Env_Tree_Large_01.prefab
  artifactKey: Guid(5a2529a0646252d419b91d4f8d06fd43) Importer(815301076,1909f56bfc062723c751e8b465ee728b)
Start importing Assets/SimpleFantasy/Prefabs/Environment/SF_Env_Tree_Large_01.prefab using Guid(5a2529a0646252d419b91d4f8d06fd43) Importer(815301076,1909f56bfc062723c751e8b465ee728b) [PhysX] Initialized MultithreadedTaskDispatcher with 16 workers.
[PhysX] Initialized MultithreadedTaskDispatcher with 16 workers.
 -> (artifact id: '35b44f40f0c8e6c7443132416700b364') in 0.021314 seconds
Number of updated asset objects reloaded before import = 0
Number of asset objects unloaded after import = 9
========================================================================
Received Import Request.
  Time since last request: 0.000026 seconds.
  path: Assets/SimpleFantasy/Models/Prefabbed/SF_Bld_Tent_03.fbx
  artifactKey: Guid(bf02db581dbdd7b43bc79d040eeba4b0) Importer(815301076,1909f56bfc062723c751e8b465ee728b)
Start importing Assets/SimpleFantasy/Models/Prefabbed/SF_Bld_Tent_03.fbx using Guid(bf02db581dbdd7b43bc79d040eeba4b0) Importer(815301076,1909f56bfc062723c751e8b465ee728b) [PhysX] Initialized MultithreadedTaskDispatcher with 16 workers.
[PhysX] Initialized MultithreadedTaskDispatcher with 16 workers.
[PhysX] Initialized MultithreadedTaskDispatcher with 16 workers.
 -> (artifact id: 'b5c6687802386b1334dbbbb41a88496f') in 0.024827 seconds
Number of updated asset objects reloaded before import = 0
Number of asset objects unloaded after import = 7
========================================================================
Received Import Request.
  Time since last request: 0.000044 seconds.
  path: Assets/SimpleFantasy/Prefabs/Environment/SF_Env_GravelPile_01.prefab
  artifactKey: Guid(e56bc23fd7cb1414499ce7c67be5cc40) Importer(815301076,1909f56bfc062723c751e8b465ee728b)
Start importing Assets/SimpleFantasy/Prefabs/Environment/SF_Env_GravelPile_01.prefab using Guid(e56bc23fd7cb1414499ce7c67be5cc40) Importer(815301076,1909f56bfc062723c751e8b465ee728b) [PhysX] Initialized MultithreadedTaskDispatcher with 16 workers.
[PhysX] Initialized MultithreadedTaskDispatcher with 16 workers.
 -> (artifact id: 'f86ad2f457474522735d2cf5709140e2') in 0.021468 seconds
Number of updated asset objects reloaded before import = 0
Number of asset objects unloaded after import = 9
========================================================================
Received Import Request.
  Time since last request: 0.000029 seconds.
  path: Assets/SimpleFantasy/Models/Prefabbed/SF_Wep_KiteShield_Symbol_08.fbx
  artifactKey: Guid(09bd0b6453bae7445a279fc89c68c0a9) Importer(815301076,1909f56bfc062723c751e8b465ee728b)
Start importing Assets/SimpleFantasy/Models/Prefabbed/SF_Wep_KiteShield_Symbol_08.fbx using Guid(09bd0b6453bae7445a279fc89c68c0a9) Importer(815301076,1909f56bfc062723c751e8b465ee728b) [PhysX] Initialized MultithreadedTaskDispatcher with 16 workers.
[PhysX] Initialized MultithreadedTaskDispatcher with 16 workers.
[PhysX] Initialized MultithreadedTaskDispatcher with 16 workers.
 -> (artifact id: '79f73b9aa0ae69e71e66b908fcc3b19a') in 0.022429 seconds
Number of updated asset objects reloaded before import = 0
Number of asset objects unloaded after import = 7
========================================================================
Received Import Request.
  Time since last request: 1.832118 seconds.
  path: Assets/SimpleFantasy/Models/Prefabbed/SF_Wep_Undead_Shield_09.fbx
  artifactKey: Guid(c220c2f2e0b427745a41f44d5f14ade8) Importer(815301076,1909f56bfc062723c751e8b465ee728b)
Start importing Assets/SimpleFantasy/Models/Prefabbed/SF_Wep_Undead_Shield_09.fbx using Guid(c220c2f2e0b427745a41f44d5f14ade8) Importer(815301076,1909f56bfc062723c751e8b465ee728b) [PhysX] Initialized MultithreadedTaskDispatcher with 16 workers.
[PhysX] Initialized MultithreadedTaskDispatcher with 16 workers.
[PhysX] Initialized MultithreadedTaskDispatcher with 16 workers.
 -> (artifact id: '2aa7e4bb56df5fa85e0ae5d35eb6708a') in 0.018505 seconds
Number of updated asset objects reloaded before import = 0
Number of asset objects unloaded after import = 7
========================================================================
Received Import Request.
  Time since last request: 0.000028 seconds.
  path: Assets/SimpleFantasy/Prefabs/Weapons/SF_Wep_Undead_Shield_010.prefab
  artifactKey: Guid(022c38eb7dccd824c918c37598f57d13) Importer(815301076,1909f56bfc062723c751e8b465ee728b)
Start importing Assets/SimpleFantasy/Prefabs/Weapons/SF_Wep_Undead_Shield_010.prefab using Guid(022c38eb7dccd824c918c37598f57d13) Importer(815301076,1909f56bfc062723c751e8b465ee728b) [PhysX] Initialized MultithreadedTaskDispatcher with 16 workers.
[PhysX] Initialized MultithreadedTaskDispatcher with 16 workers.
 -> (artifact id: 'c02608197845c3e9319af2a849d3446c') in 0.018537 seconds
Number of updated asset objects reloaded before import = 0
Number of asset objects unloaded after import = 9
========================================================================
Received Import Request.
  Time since last request: 0.000023 seconds.
  path: Assets/SimpleFantasy/Models/Prefabbed/SF_Wep_Undead_Shield_011.fbx
  artifactKey: Guid(e622cd2641f842f41addfedd07158857) Importer(815301076,1909f56bfc062723c751e8b465ee728b)
Start importing Assets/SimpleFantasy/Models/Prefabbed/SF_Wep_Undead_Shield_011.fbx using Guid(e622cd2641f842f41addfedd07158857) Importer(815301076,1909f56bfc062723c751e8b465ee728b) [PhysX] Initialized MultithreadedTaskDispatcher with 16 workers.
[PhysX] Initialized MultithreadedTaskDispatcher with 16 workers.
[PhysX] Initialized MultithreadedTaskDispatcher with 16 workers.
 -> (artifact id: '66c8c27ed2687facb0696dbc1bc1b902') in 0.021388 seconds
Number of updated asset objects reloaded before import = 0
Number of asset objects unloaded after import = 7
========================================================================
Received Import Request.
  Time since last request: 0.001217 seconds.
  path: Assets/SimpleFantasy/Prefabs/Weapons/SF_Wep_Undead_Greatsword_01.prefab
  artifactKey: Guid(4d2419caa9e90224e9ec5f6c04952609) Importer(815301076,1909f56bfc062723c751e8b465ee728b)
Start importing Assets/SimpleFantasy/Prefabs/Weapons/SF_Wep_Undead_Greatsword_01.prefab using Guid(4d2419caa9e90224e9ec5f6c04952609) Importer(815301076,1909f56bfc062723c751e8b465ee728b) [PhysX] Initialized MultithreadedTaskDispatcher with 16 workers.
[PhysX] Initialized MultithreadedTaskDispatcher with 16 workers.
 -> (artifact id: '0884ec4b87827a8b223a68cde8d237b0') in 0.023086 seconds
Number of updated asset objects reloaded before import = 0
Number of asset objects unloaded after import = 9
========================================================================
Received Import Request.
  Time since last request: 0.000024 seconds.
  path: Assets/SimpleFantasy/Models/Prefabbed/SF_Wep_Undead_Halberd_01.fbx
  artifactKey: Guid(be0e1b0df516e9b4889c56f4b967a4fd) Importer(815301076,1909f56bfc062723c751e8b465ee728b)
Start importing Assets/SimpleFantasy/Models/Prefabbed/SF_Wep_Undead_Halberd_01.fbx using Guid(be0e1b0df516e9b4889c56f4b967a4fd) Importer(815301076,1909f56bfc062723c751e8b465ee728b) [PhysX] Initialized MultithreadedTaskDispatcher with 16 workers.
[PhysX] Initialized MultithreadedTaskDispatcher with 16 workers.
[PhysX] Initialized MultithreadedTaskDispatcher with 16 workers.
 -> (artifact id: '9494bd9997732f7572426f01fc97f911') in 0.020986 seconds
Number of updated asset objects reloaded before import = 0
Number of asset objects unloaded after import = 7
========================================================================
Received Import Request.
  Time since last request: 0.000024 seconds.
  path: Assets/SimpleFantasy/Prefabs/Weapons/SF_Wep_Undead_Lance_01.prefab
  artifactKey: Guid(92f2c2055265fc34bb5da42a6a8bf617) Importer(815301076,1909f56bfc062723c751e8b465ee728b)
Start importing Assets/SimpleFantasy/Prefabs/Weapons/SF_Wep_Undead_Lance_01.prefab using Guid(92f2c2055265fc34bb5da42a6a8bf617) Importer(815301076,1909f56bfc062723c751e8b465ee728b) [PhysX] Initialized MultithreadedTaskDispatcher with 16 workers.
[PhysX] Initialized MultithreadedTaskDispatcher with 16 workers.
 -> (artifact id: '8bc14e9013ee9bee7170ebb93014f603') in 0.019462 seconds
Number of updated asset objects reloaded before import = 0
Number of asset objects unloaded after import = 9
========================================================================
Received Import Request.
  Time since last request: 0.000030 seconds.
  path: Assets/SimpleFantasy/Models/Prefabbed/SF_Wep_Undead_Lance_01.fbx
  artifactKey: Guid(6d3f32c91347fc0438ae2fdf3827dad5) Importer(815301076,1909f56bfc062723c751e8b465ee728b)
Start importing Assets/SimpleFantasy/Models/Prefabbed/SF_Wep_Undead_Lance_01.fbx using Guid(6d3f32c91347fc0438ae2fdf3827dad5) Importer(815301076,1909f56bfc062723c751e8b465ee728b) [PhysX] Initialized MultithreadedTaskDispatcher with 16 workers.
[PhysX] Initialized MultithreadedTaskDispatcher with 16 workers.
[PhysX] Initialized MultithreadedTaskDispatcher with 16 workers.
 -> (artifact id: 'e1d5cdd3f8e2338afce522fe9d7d197e') in 0.018130 seconds
Number of updated asset objects reloaded before import = 0
Number of asset objects unloaded after import = 7
========================================================================
Received Import Request.
  Time since last request: 0.000023 seconds.
  path: Assets/SimpleFantasy/Prefabs/Weapons/SF_Wep_TowerShield_011.prefab
  artifactKey: Guid(01a9949a447756a4c9f144ad0ae9ae44) Importer(815301076,1909f56bfc062723c751e8b465ee728b)
Start importing Assets/SimpleFantasy/Prefabs/Weapons/SF_Wep_TowerShield_011.prefab using Guid(01a9949a447756a4c9f144ad0ae9ae44) Importer(815301076,1909f56bfc062723c751e8b465ee728b) [PhysX] Initialized MultithreadedTaskDispatcher with 16 workers.
[PhysX] Initialized MultithreadedTaskDispatcher with 16 workers.
 -> (artifact id: 'b722d32cb78b243749fcbdaf2a198005') in 0.015814 seconds
Number of updated asset objects reloaded before import = 0
Number of asset objects unloaded after import = 9
========================================================================
Received Import Request.
  Time since last request: 0.000022 seconds.
  path: Assets/SimpleFantasy/Prefabs/Weapons/SF_Wep_Undead_Arrow_01.prefab
  artifactKey: Guid(afe25d4ec475363448b20d1afd8355d7) Importer(815301076,1909f56bfc062723c751e8b465ee728b)
Start importing Assets/SimpleFantasy/Prefabs/Weapons/SF_Wep_Undead_Arrow_01.prefab using Guid(afe25d4ec475363448b20d1afd8355d7) Importer(815301076,1909f56bfc062723c751e8b465ee728b) [PhysX] Initialized MultithreadedTaskDispatcher with 16 workers.
[PhysX] Initialized MultithreadedTaskDispatcher with 16 workers.
 -> (artifact id: '418ddd0e542b41a780c49a408cf28ccd') in 0.022157 seconds
Number of updated asset objects reloaded before import = 0
Number of asset objects unloaded after import = 9
========================================================================
Received Import Request.
  Time since last request: 0.000027 seconds.
  path: Assets/SimpleFantasy/Models/Prefabbed/SF_Wep_TowerShield_012.fbx
  artifactKey: Guid(e97a4319a95551146ba90cf99c74a0d5) Importer(815301076,1909f56bfc062723c751e8b465ee728b)
Start importing Assets/SimpleFantasy/Models/Prefabbed/SF_Wep_TowerShield_012.fbx using Guid(e97a4319a95551146ba90cf99c74a0d5) Importer(815301076,1909f56bfc062723c751e8b465ee728b) [PhysX] Initialized MultithreadedTaskDispatcher with 16 workers.
[PhysX] Initialized MultithreadedTaskDispatcher with 16 workers.
[PhysX] Initialized MultithreadedTaskDispatcher with 16 workers.
 -> (artifact id: '3a9c5ccb1432a4e631e9d31a5dc4e6fe') in 0.020327 seconds
Number of updated asset objects reloaded before import = 0
Number of asset objects unloaded after import = 7
========================================================================
Received Import Request.
  Time since last request: 0.000025 seconds.
  path: Assets/SimpleFantasy/Models/Prefabbed/SF_Wep_RoundShield_Pattern_010.fbx
  artifactKey: Guid(4dc323a516dcbb845aba3cee13640d6e) Importer(815301076,1909f56bfc062723c751e8b465ee728b)
Start importing Assets/SimpleFantasy/Models/Prefabbed/SF_Wep_RoundShield_Pattern_010.fbx using Guid(4dc323a516dcbb845aba3cee13640d6e) Importer(815301076,1909f56bfc062723c751e8b465ee728b) [PhysX] Initialized MultithreadedTaskDispatcher with 16 workers.
[PhysX] Initialized MultithreadedTaskDispatcher with 16 workers.
[PhysX] Initialized MultithreadedTaskDispatcher with 16 workers.
 -> (artifact id: '5ece064eecb5751f850f02b30a78de3a') in 0.023128 seconds
Number of updated asset objects reloaded before import = 0
Number of asset objects unloaded after import = 7
========================================================================
Received Import Request.
  Time since last request: 0.000035 seconds.
  path: Assets/SimpleFantasy/Prefabs/Weapons/SF_Wep_RoundShield_Pattern_09.prefab
  artifactKey: Guid(1bccd04673e392248a2d5a20ea48163e) Importer(815301076,1909f56bfc062723c751e8b465ee728b)
Start importing Assets/SimpleFantasy/Prefabs/Weapons/SF_Wep_RoundShield_Pattern_09.prefab using Guid(1bccd04673e392248a2d5a20ea48163e) Importer(815301076,1909f56bfc062723c751e8b465ee728b) [PhysX] Initialized MultithreadedTaskDispatcher with 16 workers.
[PhysX] Initialized MultithreadedTaskDispatcher with 16 workers.
 -> (artifact id: '8442c47652f1bae299f98d5993830db0') in 0.018679 seconds
Number of updated asset objects reloaded before import = 0
Number of asset objects unloaded after import = 9
========================================================================
Received Import Request.
  Time since last request: 0.000021 seconds.
  path: Assets/SimpleFantasy/Models/Prefabbed/SF_Wep_RoundShield_Pattern_011.fbx
  artifactKey: Guid(dc6f60bf2a4417d4e8a39306fd2e6923) Importer(815301076,1909f56bfc062723c751e8b465ee728b)
Start importing Assets/SimpleFantasy/Models/Prefabbed/SF_Wep_RoundShield_Pattern_011.fbx using Guid(dc6f60bf2a4417d4e8a39306fd2e6923) Importer(815301076,1909f56bfc062723c751e8b465ee728b) [PhysX] Initialized MultithreadedTaskDispatcher with 16 workers.
[PhysX] Initialized MultithreadedTaskDispatcher with 16 workers.
[PhysX] Initialized MultithreadedTaskDispatcher with 16 workers.
 -> (artifact id: '3726574d9708a636417f37e67fdbea7e') in 0.021881 seconds
Number of updated asset objects reloaded before import = 0
Number of asset objects unloaded after import = 7
========================================================================
Received Import Request.
  Time since last request: 0.000023 seconds.
  path: Assets/SimpleFantasy/Models/Prefabbed/SF_Wep_KiteShield_Pattern_09.fbx
  artifactKey: Guid(ffaee501dfd9804449df9c09b1e32d8a) Importer(815301076,1909f56bfc062723c751e8b465ee728b)
Start importing Assets/SimpleFantasy/Models/Prefabbed/SF_Wep_KiteShield_Pattern_09.fbx using Guid(ffaee501dfd9804449df9c09b1e32d8a) Importer(815301076,1909f56bfc062723c751e8b465ee728b) [PhysX] Initialized MultithreadedTaskDispatcher with 16 workers.
[PhysX] Initialized MultithreadedTaskDispatcher with 16 workers.
[PhysX] Initialized MultithreadedTaskDispatcher with 16 workers.
 -> (artifact id: '63c5852e2081b0097a888ba6125ad03c') in 0.018513 seconds
Number of updated asset objects reloaded before import = 0
Number of asset objects unloaded after import = 7
========================================================================
Received Import Request.
  Time since last request: 0.000024 seconds.
  path: Assets/SimpleFantasy/Prefabs/Weapons/SF_Wep_KiteShield_Pattern_010.prefab
  artifactKey: Guid(35f99fdbf5cde3c4c847f732e67f25d7) Importer(815301076,1909f56bfc062723c751e8b465ee728b)
Start importing Assets/SimpleFantasy/Prefabs/Weapons/SF_Wep_KiteShield_Pattern_010.prefab using Guid(35f99fdbf5cde3c4c847f732e67f25d7) Importer(815301076,1909f56bfc062723c751e8b465ee728b) [PhysX] Initialized MultithreadedTaskDispatcher with 16 workers.
[PhysX] Initialized MultithreadedTaskDispatcher with 16 workers.
 -> (artifact id: '14265dd552eee4cc0f152ef1f3ffbee1') in 0.031974 seconds
Number of updated asset objects reloaded before import = 0
Number of asset objects unloaded after import = 9
========================================================================
Received Import Request.
  Time since last request: 0.000021 seconds.
  path: Assets/SimpleFantasy/Models/Prefabbed/SF_Wep_KiteShield_Pattern_01.fbx
  artifactKey: Guid(705cd5bdb26546044a51552b9229a09d) Importer(815301076,1909f56bfc062723c751e8b465ee728b)
Start importing Assets/SimpleFantasy/Models/Prefabbed/SF_Wep_KiteShield_Pattern_01.fbx using Guid(705cd5bdb26546044a51552b9229a09d) Importer(815301076,1909f56bfc062723c751e8b465ee728b) [PhysX] Initialized MultithreadedTaskDispatcher with 16 workers.
[PhysX] Initialized MultithreadedTaskDispatcher with 16 workers.
[PhysX] Initialized MultithreadedTaskDispatcher with 16 workers.
 -> (artifact id: '7eec162d0283a44ddffae901dbd21a1d') in 0.010637 seconds
Number of updated asset objects reloaded before import = 0
Number of asset objects unloaded after import = 7
========================================================================
Received Import Request.
  Time since last request: 0.000029 seconds.
  path: Assets/SimpleFantasy/Models/Prefabbed/SF_Wep_KiteShield_Pattern_02.fbx
  artifactKey: Guid(8912a3bfc69943248903c0764f0fe34c) Importer(815301076,1909f56bfc062723c751e8b465ee728b)
Start importing Assets/SimpleFantasy/Models/Prefabbed/SF_Wep_KiteShield_Pattern_02.fbx using Guid(8912a3bfc69943248903c0764f0fe34c) Importer(815301076,1909f56bfc062723c751e8b465ee728b) [PhysX] Initialized MultithreadedTaskDispatcher with 16 workers.
[PhysX] Initialized MultithreadedTaskDispatcher with 16 workers.
[PhysX] Initialized MultithreadedTaskDispatcher with 16 workers.
 -> (artifact id: '3f870b18125795ccd1503459a6d5df22') in 0.012183 seconds
Number of updated asset objects reloaded before import = 0
Number of asset objects unloaded after import = 7
========================================================================
Received Import Request.
  Time since last request: 0.000027 seconds.
  path: Assets/SimpleFantasy/Prefabs/Weapons/SF_Wep_KiteShield_Pattern_02.prefab
  artifactKey: Guid(627ad49392c8b8747a0f9d7ae190ce5d) Importer(815301076,1909f56bfc062723c751e8b465ee728b)
Start importing Assets/SimpleFantasy/Prefabs/Weapons/SF_Wep_KiteShield_Pattern_02.prefab using Guid(627ad49392c8b8747a0f9d7ae190ce5d) Importer(815301076,1909f56bfc062723c751e8b465ee728b) [PhysX] Initialized MultithreadedTaskDispatcher with 16 workers.
[PhysX] Initialized MultithreadedTaskDispatcher with 16 workers.
 -> (artifact id: '26227cd69093ad7e2fff1fbbfef76440') in 0.017561 seconds
Number of updated asset objects reloaded before import = 0
Number of asset objects unloaded after import = 9
========================================================================
Received Import Request.
  Time since last request: 0.000024 seconds.
  path: Assets/SimpleFantasy/Prefabs/Weapons/SF_Wep_Katana_01.prefab
  artifactKey: Guid(6cec3e67a6339f24eb603c7683467672) Importer(815301076,1909f56bfc062723c751e8b465ee728b)
Start importing Assets/SimpleFantasy/Prefabs/Weapons/SF_Wep_Katana_01.prefab using Guid(6cec3e67a6339f24eb603c7683467672) Importer(815301076,1909f56bfc062723c751e8b465ee728b) [PhysX] Initialized MultithreadedTaskDispatcher with 16 workers.
[PhysX] Initialized MultithreadedTaskDispatcher with 16 workers.
 -> (artifact id: 'bcf537dc8aba1d36bb04de2b36d6adae') in 0.028297 seconds
Number of updated asset objects reloaded before import = 0
Number of asset objects unloaded after import = 9
========================================================================
Received Import Request.
  Time since last request: 0.087184 seconds.
  path: Assets/SimpleFantasy/Models/Prefabbed/SF_Wep_Human_Shield_09.fbx
  artifactKey: Guid(467f51442cef1424fb92361fec93faa7) Importer(815301076,1909f56bfc062723c751e8b465ee728b)
Start importing Assets/SimpleFantasy/Models/Prefabbed/SF_Wep_Human_Shield_09.fbx using Guid(467f51442cef1424fb92361fec93faa7) Importer(815301076,1909f56bfc062723c751e8b465ee728b) [PhysX] Initialized MultithreadedTaskDispatcher with 16 workers.
[PhysX] Initialized MultithreadedTaskDispatcher with 16 workers.
[PhysX] Initialized MultithreadedTaskDispatcher with 16 workers.
 -> (artifact id: '0e0c3b2174ab995169c0b907dadea77f') in 0.022254 seconds
Number of updated asset objects reloaded before import = 0
Number of asset objects unloaded after import = 7
========================================================================
Received Import Request.
  Time since last request: 0.000025 seconds.
  path: Assets/SimpleFantasy/Models/Prefabbed/SF_Wep_Human_Shield_011.fbx
  artifactKey: Guid(4051ba41a5f125d4c802de1137607fcf) Importer(815301076,1909f56bfc062723c751e8b465ee728b)
Start importing Assets/SimpleFantasy/Models/Prefabbed/SF_Wep_Human_Shield_011.fbx using Guid(4051ba41a5f125d4c802de1137607fcf) Importer(815301076,1909f56bfc062723c751e8b465ee728b) [PhysX] Initialized MultithreadedTaskDispatcher with 16 workers.
[PhysX] Initialized MultithreadedTaskDispatcher with 16 workers.
[PhysX] Initialized MultithreadedTaskDispatcher with 16 workers.
 -> (artifact id: '33d5bde4eef12c43c0dc772cdfa1b487') in 0.019478 seconds
Number of updated asset objects reloaded before import = 0
Number of asset objects unloaded after import = 7
========================================================================
Received Import Request.
  Time since last request: 0.000044 seconds.
  path: Assets/SimpleFantasy/Prefabs/Weapons/SF_Wep_Human_Shield_012.prefab
  artifactKey: Guid(000c1540d1144dd409776430488d7ac4) Importer(815301076,1909f56bfc062723c751e8b465ee728b)
Start importing Assets/SimpleFantasy/Prefabs/Weapons/SF_Wep_Human_Shield_012.prefab using Guid(000c1540d1144dd409776430488d7ac4) Importer(815301076,1909f56bfc062723c751e8b465ee728b) [PhysX] Initialized MultithreadedTaskDispatcher with 16 workers.
[PhysX] Initialized MultithreadedTaskDispatcher with 16 workers.
 -> (artifact id: '4f871613bd511763e3adc1789148f787') in 0.029874 seconds
Number of updated asset objects reloaded before import = 0
Number of asset objects unloaded after import = 9
========================================================================
Received Import Request.
  Time since last request: 0.000027 seconds.
  path: Assets/SimpleFantasy/Models/Prefabbed/SF_Prop_Wheel_02.fbx
  artifactKey: Guid(00fb3634e85ef47468c1020114ff14f5) Importer(815301076,1909f56bfc062723c751e8b465ee728b)
Start importing Assets/SimpleFantasy/Models/Prefabbed/SF_Prop_Wheel_02.fbx using Guid(00fb3634e85ef47468c1020114ff14f5) Importer(815301076,1909f56bfc062723c751e8b465ee728b) [PhysX] Initialized MultithreadedTaskDispatcher with 16 workers.
[PhysX] Initialized MultithreadedTaskDispatcher with 16 workers.
[PhysX] Initialized MultithreadedTaskDispatcher with 16 workers.
 -> (artifact id: 'd92ecf6c63b131b218bc592d06013d07') in 0.042179 seconds
Number of updated asset objects reloaded before import = 0
Number of asset objects unloaded after import = 7
========================================================================
Received Import Request.
  Time since last request: 0.000022 seconds.
  path: Assets/SimpleFantasy/Prefabs/Props/SF_Prop_Wheel_02.prefab
  artifactKey: Guid(f052f6651bacebe4a8dbf87094c4c490) Importer(815301076,1909f56bfc062723c751e8b465ee728b)
Start importing Assets/SimpleFantasy/Prefabs/Props/SF_Prop_Wheel_02.prefab using Guid(f052f6651bacebe4a8dbf87094c4c490) Importer(815301076,1909f56bfc062723c751e8b465ee728b) [PhysX] Initialized MultithreadedTaskDispatcher with 16 workers.
[PhysX] Initialized MultithreadedTaskDispatcher with 16 workers.
 -> (artifact id: 'dd65715aad079c3f9af2fe141fa72775') in 0.017273 seconds
Number of updated asset objects reloaded before import = 0
Number of asset objects unloaded after import = 9
========================================================================
Received Import Request.
  Time since last request: 0.000033 seconds.
  path: Assets/SimpleFantasy/Prefabs/Environment/SF_Env_Path_Straight_03.prefab
  artifactKey: Guid(beae74890bd0ead4b921aed797a9c7c9) Importer(815301076,1909f56bfc062723c751e8b465ee728b)
Start importing Assets/SimpleFantasy/Prefabs/Environment/SF_Env_Path_Straight_03.prefab using Guid(beae74890bd0ead4b921aed797a9c7c9) Importer(815301076,1909f56bfc062723c751e8b465ee728b) [PhysX] Initialized MultithreadedTaskDispatcher with 16 workers.
[PhysX] Initialized MultithreadedTaskDispatcher with 16 workers.
 -> (artifact id: '465cef52c9f407737db0ad6a4c91fbf8') in 0.031343 seconds
Number of updated asset objects reloaded before import = 0
Number of asset objects unloaded after import = 9
========================================================================
Received Import Request.
  Time since last request: 0.000029 seconds.
  path: Assets/SimpleFantasy/Models/Prefabbed/SF_Env_Path_Straight_06.fbx
  artifactKey: Guid(c34ef1ec74753e24fbb1df8ad03db210) Importer(815301076,1909f56bfc062723c751e8b465ee728b)
Start importing Assets/SimpleFantasy/Models/Prefabbed/SF_Env_Path_Straight_06.fbx using Guid(c34ef1ec74753e24fbb1df8ad03db210) Importer(815301076,1909f56bfc062723c751e8b465ee728b) [PhysX] Initialized MultithreadedTaskDispatcher with 16 workers.
[PhysX] Initialized MultithreadedTaskDispatcher with 16 workers.
[PhysX] Initialized MultithreadedTaskDispatcher with 16 workers.
 -> (artifact id: '5ab0dfeb3c3d252bb6b5cd60befabc17') in 0.023759 seconds
Number of updated asset objects reloaded before import = 0
Number of asset objects unloaded after import = 7
========================================================================
Received Import Request.
  Time since last request: 0.000033 seconds.
  path: Assets/SimpleFantasy/Prefabs/Environment/SF_Env_Path_Straight_05.prefab
  artifactKey: Guid(32d81666f3c8ac74fb72f0da9aeeac89) Importer(815301076,1909f56bfc062723c751e8b465ee728b)
Start importing Assets/SimpleFantasy/Prefabs/Environment/SF_Env_Path_Straight_05.prefab using Guid(32d81666f3c8ac74fb72f0da9aeeac89) Importer(815301076,1909f56bfc062723c751e8b465ee728b) [PhysX] Initialized MultithreadedTaskDispatcher with 16 workers.
[PhysX] Initialized MultithreadedTaskDispatcher with 16 workers.
 -> (artifact id: '09edf01464dc4834e3a29cbc393717b3') in 0.017670 seconds
Number of updated asset objects reloaded before import = 0
Number of asset objects unloaded after import = 9
========================================================================
Received Import Request.
  Time since last request: 0.000029 seconds.
  path: Assets/SimpleFantasy/Prefabs/Vehicles/SF_Veh_Ballista_01.prefab
  artifactKey: Guid(6b8b626fdf902334d8ea6305c71a86d9) Importer(815301076,1909f56bfc062723c751e8b465ee728b)
Start importing Assets/SimpleFantasy/Prefabs/Vehicles/SF_Veh_Ballista_01.prefab using Guid(6b8b626fdf902334d8ea6305c71a86d9) Importer(815301076,1909f56bfc062723c751e8b465ee728b) [PhysX] Initialized MultithreadedTaskDispatcher with 16 workers.
[PhysX] Initialized MultithreadedTaskDispatcher with 16 workers.
 -> (artifact id: '9016f29f8526a9259e99d8fdf254574e') in 0.019740 seconds
Number of updated asset objects reloaded before import = 0
Number of asset objects unloaded after import = 39
========================================================================
Received Import Request.
  Time since last request: 0.000027 seconds.
  path: Assets/SimpleFantasy/Models/Prefabbed/SF_Env_Path_Straight_05.fbx
  artifactKey: Guid(629829ee953e0c44285a5023de97c772) Importer(815301076,1909f56bfc062723c751e8b465ee728b)
Start importing Assets/SimpleFantasy/Models/Prefabbed/SF_Env_Path_Straight_05.fbx using Guid(629829ee953e0c44285a5023de97c772) Importer(815301076,1909f56bfc062723c751e8b465ee728b) [PhysX] Initialized MultithreadedTaskDispatcher with 16 workers.
[PhysX] Initialized MultithreadedTaskDispatcher with 16 workers.
[PhysX] Initialized MultithreadedTaskDispatcher with 16 workers.
 -> (artifact id: '93432e2f34c91a33b0b0e5dc92877447') in 0.024788 seconds
Number of updated asset objects reloaded before import = 0
Number of asset objects unloaded after import = 7
========================================================================
Received Import Request.
  Time since last request: 115.515860 seconds.
  path: Assets/Scipts/SceneSwitcher.cs
  artifactKey: Guid(2e6d8a2800b75bc46bdf8296a488f3f3) Importer(815301076,1909f56bfc062723c751e8b465ee728b)
Start importing Assets/Scipts/SceneSwitcher.cs using Guid(2e6d8a2800b75bc46bdf8296a488f3f3) Importer(815301076,1909f56bfc062723c751e8b465ee728b) [PhysX] Initialized MultithreadedTaskDispatcher with 16 workers.
 -> (artifact id: 'aa6d707c24bc97a06de93ae57e003923') in 0.000556 seconds
Number of updated asset objects reloaded before import = 0
Number of asset objects unloaded after import = 0
========================================================================
Received Prepare
Caller must complete domain reload
Begin MonoManager ReloadAssembly
- Loaded All Assemblies, in  0.398 seconds
Native extension for WindowsStandalone target not found
Native extension for Android target not found
Native extension for WebGL target not found
[Package Manager] Server::EnsureServerProcessIsRunning -- launch failed, reason: Unity was launched with the -noUpm command-line argument
[Package Manager] UpmClient::Send -- Unable to send message (not connected to UPM process).
[Package Manager] Cannot connect to Unity Package Manager local server
Mono: successfully reloaded assembly
- Finished resetting the current domain, in  1.143 seconds
Domain Reload Profiling: 1539ms
	BeginReloadAssembly (148ms)
		ExecutionOrderSort (0ms)
		DisableScriptedObjects (4ms)
		BackupInstance (0ms)
		ReleaseScriptingObjects (0ms)
		CreateAndSetChildDomain (42ms)
	RebuildCommonClasses (27ms)
	RebuildNativeTypeToScriptingClass (8ms)
	initialDomainReloadingComplete (25ms)
	LoadAllAssembliesAndSetupDomain (188ms)
		LoadAssemblies (239ms)
		RebuildTransferFunctionScriptingTraits (0ms)
		AnalyzeDomain (20ms)
			TypeCache.Refresh (8ms)
				TypeCache.ScanAssembly (0ms)
			ScanForSourceGeneratedMonoScriptInfo (5ms)
			ResolveRequiredComponents (5ms)
	FinalizeReload (1144ms)
		ReleaseScriptCaches (0ms)
		RebuildScriptCaches (0ms)
		SetupLoadedEditorAssemblies (606ms)
			LogAssemblyErrors (0ms)
			InitializePlatformSupportModulesInManaged (19ms)
			SetLoadedEditorAssemblies (5ms)
			RefreshPlugins (0ms)
			BeforeProcessingInitializeOnLoad (59ms)
			ProcessInitializeOnLoadAttributes (499ms)
			ProcessInitializeOnLoadMethodAttributes (18ms)
			AfterProcessingInitializeOnLoad (5ms)
			EditorAssembliesLoaded (0ms)
		ExecutionOrderSort2 (0ms)
		AwakeInstancesAfterBackupRestoration (6ms)
Refreshing native plugins compatible for Editor in 2.74 ms, found 3 plugins.
Preloading 0 native plugins for Editor in 0.00 ms.
Unloading 3085 Unused Serialized files (Serialized files now loaded: 0)
Unloading 13 unused Assets / (27.6 KB). Loaded Objects now: 3593.
Memory consumption went from 125.4 MB to 125.4 MB.
Total: 4.793800 ms (FindLiveObjects: 0.310300 ms CreateObjectMapping: 0.244600 ms MarkObjects: 4.188600 ms  DeleteObjects: 0.049300 ms)

Prepare: number of updated asset objects reloaded= 0
AssetImportParameters requested are different than current active one (requested -> active):
  custom:container-demuxer-ogg: 62fdf1f143b41e24485cea50d1cbac27 -> 
  custom:video-codec-MediaFoundation-h265: 746d11721c4dcdbdad8f713fa42b33f4 -> 
  custom:video-decoder-ogg-theora: a1e56fd34408186e4bbccfd4996cb3dc -> 
  custom:framework-win-MediaFoundation: 216162199b28c13a410421893ffa2e32 -> 
  custom:CustomObjectIndexerAttribute: 9a22284fe3817be447336de3de66b15e -> 
  custom:container-demuxer-webm: 4f35f7cbe854078d1ac9338744f61a02 -> 
  custom:container-muxer-webm: aa71ff27fc2769a1b78a27578f13a17b -> 
  custom:video-decoder-webm-vp8: 9c59270c3fd7afecdb556c50c9e8de78 -> 
  custom:SearchIndexIgnoredProperties: e643bd26f0fe6173181afceb89e7c659 -> 
  custom:AudioImporter_EditorPlatform: d09bf68614088b80899f8185d706f6e7 -> 
  custom:video-encoder-webm-vp8: eb34c28f22e8b96e1ab97ce403110664 -> 
  custom:audio-decoder-ogg-vorbis: bf7c407c2cedff20999df2af8eb42d56 -> 
  custom:scripting/monoscript/fileName/SceneSwitcher.cs: 82650212eef756784afd1b30cb6bafc7 -> 
  custom:audio-encoder-webm-vorbis: bf7c407c2cedff20999df2af8eb42d56 -> 
  custom:scripting/precompiled-assembly-types:Assembly-CSharp: be54dcfb3c7d79eb0cf27302dac1b88b -> a3d31057fde5e2e4cde5e49196805b6b
========================================================================
Received Import Request.
  Time since last request: 9.105599 seconds.
  path: Assets/Scipts/SceneSwitcher.cs
  artifactKey: Guid(2e6d8a2800b75bc46bdf8296a488f3f3) Importer(815301076,1909f56bfc062723c751e8b465ee728b)
Start importing Assets/Scipts/SceneSwitcher.cs using Guid(2e6d8a2800b75bc46bdf8296a488f3f3) Importer(815301076,1909f56bfc062723c751e8b465ee728b) [PhysX] Initialized MultithreadedTaskDispatcher with 16 workers.
 -> (artifact id: 'f612958974a1571b7fb2f341602d5d41') in 0.002224 seconds
Number of updated asset objects reloaded before import = 0
Number of asset objects unloaded after import = 0
========================================================================
Received Import Request.
  Time since last request: 0.098814 seconds.
  path: Assets/SimpleFantasy
  artifactKey: Guid(e7e820b86068dac46bc38e56b315f46c) Importer(815301076,1909f56bfc062723c751e8b465ee728b)
Start importing Assets/SimpleFantasy using Guid(e7e820b86068dac46bc38e56b315f46c) Importer(815301076,1909f56bfc062723c751e8b465ee728b) [PhysX] Initialized MultithreadedTaskDispatcher with 16 workers.
 -> (artifact id: '56163bc7c5f139cf3922aad1cdf13015') in 0.000606 seconds
Number of updated asset objects reloaded before import = 0
Number of asset objects unloaded after import = 0
========================================================================
Received Import Request.
  Time since last request: 45.096056 seconds.
  path: Assets/Scipts/SceneSwitcher.cs
  artifactKey: Guid(2e6d8a2800b75bc46bdf8296a488f3f3) Importer(815301076,1909f56bfc062723c751e8b465ee728b)
Start importing Assets/Scipts/SceneSwitcher.cs using Guid(2e6d8a2800b75bc46bdf8296a488f3f3) Importer(815301076,1909f56bfc062723c751e8b465ee728b) [PhysX] Initialized MultithreadedTaskDispatcher with 16 workers.
 -> (artifact id: '8913c5765f5ad38556fb999b77f79e4a') in 0.000810 seconds
Number of updated asset objects reloaded before import = 0
Number of asset objects unloaded after import = 0
========================================================================
Received Prepare
Caller must complete domain reload
Begin MonoManager ReloadAssembly
- Loaded All Assemblies, in  0.701 seconds
Native extension for WindowsStandalone target not found
Native extension for Android target not found
Native extension for WebGL target not found
[Package Manager] Server::EnsureServerProcessIsRunning -- launch failed, reason: Unity was launched with the -noUpm command-line argument
[Package Manager] UpmClient::Send -- Unable to send message (not connected to UPM process).
[Package Manager] Cannot connect to Unity Package Manager local server
Mono: successfully reloaded assembly
- Finished resetting the current domain, in  1.319 seconds
Domain Reload Profiling: 2015ms
	BeginReloadAssembly (255ms)
		ExecutionOrderSort (0ms)
		DisableScriptedObjects (9ms)
		BackupInstance (0ms)
		ReleaseScriptingObjects (0ms)
		CreateAndSetChildDomain (55ms)
	RebuildCommonClasses (39ms)
	RebuildNativeTypeToScriptingClass (18ms)
	initialDomainReloadingComplete (46ms)
	LoadAllAssembliesAndSetupDomain (339ms)
		LoadAssemblies (442ms)
		RebuildTransferFunctionScriptingTraits (0ms)
		AnalyzeDomain (39ms)
			TypeCache.Refresh (13ms)
				TypeCache.ScanAssembly (1ms)
			ScanForSourceGeneratedMonoScriptInfo (12ms)
			ResolveRequiredComponents (11ms)
	FinalizeReload (1319ms)
		ReleaseScriptCaches (0ms)
		RebuildScriptCaches (0ms)
		SetupLoadedEditorAssemblies (582ms)
			LogAssemblyErrors (0ms)
			InitializePlatformSupportModulesInManaged (27ms)
			SetLoadedEditorAssemblies (6ms)
			RefreshPlugins (0ms)
			BeforeProcessingInitializeOnLoad (102ms)
			ProcessInitializeOnLoadAttributes (425ms)
			ProcessInitializeOnLoadMethodAttributes (17ms)
			AfterProcessingInitializeOnLoad (5ms)
			EditorAssembliesLoaded (0ms)
		ExecutionOrderSort2 (0ms)
		AwakeInstancesAfterBackupRestoration (5ms)
Refreshing native plugins compatible for Editor in 2.44 ms, found 3 plugins.
Preloading 0 native plugins for Editor in 0.00 ms.
Unloading 3085 Unused Serialized files (Serialized files now loaded: 0)
Unloading 13 unused Assets / (27.6 KB). Loaded Objects now: 3596.
Memory consumption went from 125.4 MB to 125.4 MB.
Total: 4.068700 ms (FindLiveObjects: 0.346400 ms CreateObjectMapping: 0.127000 ms MarkObjects: 3.547500 ms  DeleteObjects: 0.046900 ms)

Prepare: number of updated asset objects reloaded= 0
AssetImportParameters requested are different than current active one (requested -> active):
  custom:container-demuxer-ogg: 62fdf1f143b41e24485cea50d1cbac27 -> 
  custom:video-codec-MediaFoundation-h265: 746d11721c4dcdbdad8f713fa42b33f4 -> 
  custom:video-decoder-ogg-theora: a1e56fd34408186e4bbccfd4996cb3dc -> 
  custom:framework-win-MediaFoundation: 216162199b28c13a410421893ffa2e32 -> 
  custom:CustomObjectIndexerAttribute: 9a22284fe3817be447336de3de66b15e -> 
  custom:container-demuxer-webm: 4f35f7cbe854078d1ac9338744f61a02 -> 
  custom:container-muxer-webm: aa71ff27fc2769a1b78a27578f13a17b -> 
  custom:video-decoder-webm-vp8: 9c59270c3fd7afecdb556c50c9e8de78 -> 
  custom:SearchIndexIgnoredProperties: e643bd26f0fe6173181afceb89e7c659 -> 
  custom:AudioImporter_EditorPlatform: d09bf68614088b80899f8185d706f6e7 -> 
  custom:video-encoder-webm-vp8: eb34c28f22e8b96e1ab97ce403110664 -> 
  custom:audio-decoder-ogg-vorbis: bf7c407c2cedff20999df2af8eb42d56 -> 
  custom:scripting/monoscript/fileName/SceneSwitcher.cs: 82650212eef756784afd1b30cb6bafc7 -> 
  custom:scripting/monoscript/fileName/SceneManager.cs: 808f49a6741b78a437f5ea7129863d80 -> d58d51c04dae40ec635353c4a73b2e02
  custom:audio-encoder-webm-vorbis: bf7c407c2cedff20999df2af8eb42d56 -> 
  custom:scripting/precompiled-assembly-types:Assembly-CSharp: fdb7fd3d03a7410767242e89a42ef1b5 -> a3d31057fde5e2e4cde5e49196805b6b
========================================================================
Received Import Request.
  Time since last request: 77.835870 seconds.
  path: Assets/Scipts/SceneManager.cs
  artifactKey: Guid(f05506209b17de548ac1666470d8bd8f) Importer(815301076,1909f56bfc062723c751e8b465ee728b)
Start importing Assets/Scipts/SceneManager.cs using Guid(f05506209b17de548ac1666470d8bd8f) Importer(815301076,1909f56bfc062723c751e8b465ee728b) [PhysX] Initialized MultithreadedTaskDispatcher with 16 workers.
 -> (artifact id: '974b1d1ac9428f4b82548b1f9a8c09a8') in 0.002023 seconds
Number of updated asset objects reloaded before import = 0
Number of asset objects unloaded after import = 0
========================================================================
Received Import Request.
  Time since last request: 3.090492 seconds.
  path: Assets/Scipts/SceneOverlay.cs
  artifactKey: Guid(f05506209b17de548ac1666470d8bd8f) Importer(815301076,1909f56bfc062723c751e8b465ee728b)
Start importing Assets/Scipts/SceneOverlay.cs using Guid(f05506209b17de548ac1666470d8bd8f) Importer(815301076,1909f56bfc062723c751e8b465ee728b) [PhysX] Initialized MultithreadedTaskDispatcher with 16 workers.
 -> (artifact id: '2bee10c79defb9281e1899cfcef6bb52') in 0.000608 seconds
Number of updated asset objects reloaded before import = 0
Number of asset objects unloaded after import = 0
========================================================================
Received Prepare
Caller must complete domain reload
Begin MonoManager ReloadAssembly
- Loaded All Assemblies, in  0.389 seconds
Native extension for WindowsStandalone target not found
Native extension for Android target not found
Native extension for WebGL target not found
[Package Manager] Server::EnsureServerProcessIsRunning -- launch failed, reason: Unity was launched with the -noUpm command-line argument
[Package Manager] UpmClient::Send -- Unable to send message (not connected to UPM process).
[Package Manager] Cannot connect to Unity Package Manager local server
Mono: successfully reloaded assembly
- Finished resetting the current domain, in  1.020 seconds
Domain Reload Profiling: 1408ms
	BeginReloadAssembly (140ms)
		ExecutionOrderSort (0ms)
		DisableScriptedObjects (4ms)
		BackupInstance (0ms)
		ReleaseScriptingObjects (0ms)
		CreateAndSetChildDomain (37ms)
	RebuildCommonClasses (28ms)
	RebuildNativeTypeToScriptingClass (9ms)
	initialDomainReloadingComplete (25ms)
	LoadAllAssembliesAndSetupDomain (185ms)
		LoadAssemblies (236ms)
		RebuildTransferFunctionScriptingTraits (0ms)
		AnalyzeDomain (20ms)
			TypeCache.Refresh (8ms)
				TypeCache.ScanAssembly (0ms)
			ScanForSourceGeneratedMonoScriptInfo (6ms)
			ResolveRequiredComponents (4ms)
	FinalizeReload (1021ms)
		ReleaseScriptCaches (0ms)
		RebuildScriptCaches (0ms)
		SetupLoadedEditorAssemblies (599ms)
			LogAssemblyErrors (0ms)
			InitializePlatformSupportModulesInManaged (17ms)
			SetLoadedEditorAssemblies (4ms)
			RefreshPlugins (0ms)
			BeforeProcessingInitializeOnLoad (58ms)
			ProcessInitializeOnLoadAttributes (495ms)
			ProcessInitializeOnLoadMethodAttributes (20ms)
			AfterProcessingInitializeOnLoad (5ms)
			EditorAssembliesLoaded (0ms)
		ExecutionOrderSort2 (0ms)
		AwakeInstancesAfterBackupRestoration (6ms)
Refreshing native plugins compatible for Editor in 2.65 ms, found 3 plugins.
Preloading 0 native plugins for Editor in 0.00 ms.
Unloading 3085 Unused Serialized files (Serialized files now loaded: 0)
Unloading 13 unused Assets / (27.6 KB). Loaded Objects now: 3599.
Memory consumption went from 125.4 MB to 125.4 MB.
Total: 4.318600 ms (FindLiveObjects: 0.358900 ms CreateObjectMapping: 0.245400 ms MarkObjects: 3.655400 ms  DeleteObjects: 0.057500 ms)

Prepare: number of updated asset objects reloaded= 0
AssetImportParameters requested are different than current active one (requested -> active):
  custom:container-demuxer-ogg: 62fdf1f143b41e24485cea50d1cbac27 -> 
  custom:video-codec-MediaFoundation-h265: 746d11721c4dcdbdad8f713fa42b33f4 -> 
  custom:video-decoder-ogg-theora: a1e56fd34408186e4bbccfd4996cb3dc -> 
  custom:framework-win-MediaFoundation: 216162199b28c13a410421893ffa2e32 -> 
  custom:CustomObjectIndexerAttribute: 9a22284fe3817be447336de3de66b15e -> 
  custom:container-demuxer-webm: 4f35f7cbe854078d1ac9338744f61a02 -> 
  custom:container-muxer-webm: aa71ff27fc2769a1b78a27578f13a17b -> 
  custom:video-decoder-webm-vp8: 9c59270c3fd7afecdb556c50c9e8de78 -> 
  custom:SearchIndexIgnoredProperties: e643bd26f0fe6173181afceb89e7c659 -> 
  custom:scripting/monoscript/fileName/SceneOverlay.cs: 808f49a6741b78a437f5ea7129863d80 -> 
  custom:AudioImporter_EditorPlatform: d09bf68614088b80899f8185d706f6e7 -> 
  custom:video-encoder-webm-vp8: eb34c28f22e8b96e1ab97ce403110664 -> 
  custom:audio-decoder-ogg-vorbis: bf7c407c2cedff20999df2af8eb42d56 -> 
  custom:scripting/monoscript/fileName/SceneSwitcher.cs: 82650212eef756784afd1b30cb6bafc7 -> 
  custom:scripting/monoscript/fileName/SceneManager.cs: 808f49a6741b78a437f5ea7129863d80 -> d58d51c04dae40ec635353c4a73b2e02
  custom:audio-encoder-webm-vorbis: bf7c407c2cedff20999df2af8eb42d56 -> 
  custom:scripting/precompiled-assembly-types:Assembly-CSharp: fdb7fd3d03a7410767242e89a42ef1b5 -> a3d31057fde5e2e4cde5e49196805b6b
========================================================================
Received Import Request.
  Time since last request: 4.734622 seconds.
  path: Assets/Scipts/SceneOverlay.cs
  artifactKey: Guid(f05506209b17de548ac1666470d8bd8f) Importer(815301076,1909f56bfc062723c751e8b465ee728b)
Start importing Assets/Scipts/SceneOverlay.cs using Guid(f05506209b17de548ac1666470d8bd8f) Importer(815301076,1909f56bfc062723c751e8b465ee728b) [PhysX] Initialized MultithreadedTaskDispatcher with 16 workers.
 -> (artifact id: '19da68fbecddc9a7650e7c752687dbb4') in 0.001983 seconds
Number of updated asset objects reloaded before import = 0
Number of asset objects unloaded after import = 0
========================================================================
Received Import Request.
  Time since last request: 16.387903 seconds.
  path: Assets/Scenes/TitleScreen.unity
  artifactKey: Guid(73d4ff8e4bbf57b438c9475dcfa4adc1) Importer(815301076,1909f56bfc062723c751e8b465ee728b)
Start importing Assets/Scenes/TitleScreen.unity using Guid(73d4ff8e4bbf57b438c9475dcfa4adc1) Importer(815301076,1909f56bfc062723c751e8b465ee728b) [PhysX] Initialized MultithreadedTaskDispatcher with 16 workers.
 -> (artifact id: 'f07283f64c3cb066036e276190e59ab0') in 0.000682 seconds
Number of updated asset objects reloaded before import = 0
Number of asset objects unloaded after import = 0
========================================================================
Received Import Request.
  Time since last request: 0.636678 seconds.
  path: Assets/Scenes/Scene.unity
  artifactKey: Guid(9fc0d4010bbf28b4594072e72b8655ab) Importer(815301076,1909f56bfc062723c751e8b465ee728b)
Start importing Assets/Scenes/Scene.unity using Guid(9fc0d4010bbf28b4594072e72b8655ab) Importer(815301076,1909f56bfc062723c751e8b465ee728b) [PhysX] Initialized MultithreadedTaskDispatcher with 16 workers.
 -> (artifact id: '78de04f55e40a0784f47c98c8e5e01b0') in 0.001406 seconds
Number of updated asset objects reloaded before import = 0
Number of asset objects unloaded after import = 0
========================================================================
Received Import Request.
  Time since last request: 15.691309 seconds.
  path: Assets/Scenes/Scene.unity
  artifactKey: Guid(9fc0d4010bbf28b4594072e72b8655ab) Importer(815301076,1909f56bfc062723c751e8b465ee728b)
Start importing Assets/Scenes/Scene.unity using Guid(9fc0d4010bbf28b4594072e72b8655ab) Importer(815301076,1909f56bfc062723c751e8b465ee728b) [PhysX] Initialized MultithreadedTaskDispatcher with 16 workers.
 -> (artifact id: 'e0e4801fae6fee2be424f3bfb003ce12') in 0.000514 seconds
Number of updated asset objects reloaded before import = 0
Number of asset objects unloaded after import = 0
========================================================================
Received Import Request.
  Time since last request: 28.916215 seconds.
  path: Assets/SimpleFantasy/Models/Prefabbed/SF_Wep_Scythe_01.fbx
  artifactKey: Guid(48ade3c1f8fb6d741bc8fd8261b9f670) Importer(815301076,1909f56bfc062723c751e8b465ee728b)
Start importing Assets/SimpleFantasy/Models/Prefabbed/SF_Wep_Scythe_01.fbx using Guid(48ade3c1f8fb6d741bc8fd8261b9f670) Importer(815301076,1909f56bfc062723c751e8b465ee728b) [PhysX] Initialized MultithreadedTaskDispatcher with 16 workers.
[PhysX] Initialized MultithreadedTaskDispatcher with 16 workers.
[PhysX] Initialized MultithreadedTaskDispatcher with 16 workers.
 -> (artifact id: '561f807cc01b8a67f207fdb0a69970ad') in 0.074400 seconds
Number of updated asset objects reloaded before import = 0
Number of asset objects unloaded after import = 7
========================================================================
Received Import Request.
  Time since last request: 36.447028 seconds.
  path: Assets/SimpleFantasy/Models/Prefabbed/SF_Bld_Elven_Bridge_02.fbx
  artifactKey: Guid(c3c54b094a62c5e4183ebb1763f4e195) Importer(815301076,1909f56bfc062723c751e8b465ee728b)
Start importing Assets/SimpleFantasy/Models/Prefabbed/SF_Bld_Elven_Bridge_02.fbx using Guid(c3c54b094a62c5e4183ebb1763f4e195) Importer(815301076,1909f56bfc062723c751e8b465ee728b) [PhysX] Initialized MultithreadedTaskDispatcher with 16 workers.
[PhysX] Initialized MultithreadedTaskDispatcher with 16 workers.
[PhysX] Initialized MultithreadedTaskDispatcher with 16 workers.
 -> (artifact id: 'a76761d08d19db59cd6b7eaf48a83dd0') in 0.041604 seconds
Number of updated asset objects reloaded before import = 0
Number of asset objects unloaded after import = 7
========================================================================
Received Prepare
Caller must complete domain reload
Begin MonoManager ReloadAssembly
- Loaded All Assemblies, in  0.372 seconds
Native extension for WindowsStandalone target not found
Native extension for Android target not found
Native extension for WebGL target not found
[Package Manager] Server::EnsureServerProcessIsRunning -- launch failed, reason: Unity was launched with the -noUpm command-line argument
[Package Manager] UpmClient::Send -- Unable to send message (not connected to UPM process).
[Package Manager] Cannot connect to Unity Package Manager local server
Mono: successfully reloaded assembly
- Finished resetting the current domain, in  1.164 seconds
Domain Reload Profiling: 1535ms
	BeginReloadAssembly (141ms)
		ExecutionOrderSort (0ms)
		DisableScriptedObjects (4ms)
		BackupInstance (0ms)
		ReleaseScriptingObjects (0ms)
		CreateAndSetChildDomain (32ms)
	RebuildCommonClasses (26ms)
	RebuildNativeTypeToScriptingClass (8ms)
	initialDomainReloadingComplete (23ms)
	LoadAllAssembliesAndSetupDomain (173ms)
		LoadAssemblies (236ms)
		RebuildTransferFunctionScriptingTraits (0ms)
		AnalyzeDomain (14ms)
			TypeCache.Refresh (5ms)
				TypeCache.ScanAssembly (0ms)
			ScanForSourceGeneratedMonoScriptInfo (0ms)
			ResolveRequiredComponents (6ms)
	FinalizeReload (1165ms)
		ReleaseScriptCaches (0ms)
		RebuildScriptCaches (0ms)
		SetupLoadedEditorAssemblies (664ms)
			LogAssemblyErrors (0ms)
			InitializePlatformSupportModulesInManaged (18ms)
			SetLoadedEditorAssemblies (5ms)
			RefreshPlugins (0ms)
			BeforeProcessingInitializeOnLoad (59ms)
			ProcessInitializeOnLoadAttributes (555ms)
			ProcessInitializeOnLoadMethodAttributes (21ms)
			AfterProcessingInitializeOnLoad (5ms)
			EditorAssembliesLoaded (0ms)
		ExecutionOrderSort2 (0ms)
		AwakeInstancesAfterBackupRestoration (7ms)
Refreshing native plugins compatible for Editor in 3.03 ms, found 3 plugins.
Preloading 0 native plugins for Editor in 0.00 ms.
Unloading 3085 Unused Serialized files (Serialized files now loaded: 0)
Unloading 13 unused Assets / (27.6 KB). Loaded Objects now: 3602.
Memory consumption went from 125.4 MB to 125.4 MB.
Total: 4.686100 ms (FindLiveObjects: 0.317200 ms CreateObjectMapping: 0.272900 ms MarkObjects: 4.029600 ms  DeleteObjects: 0.065400 ms)

Prepare: number of updated asset objects reloaded= 0
AssetImportParameters requested are different than current active one (requested -> active):
  custom:container-demuxer-ogg: 62fdf1f143b41e24485cea50d1cbac27 -> 
  custom:video-codec-MediaFoundation-h265: 746d11721c4dcdbdad8f713fa42b33f4 -> 
  custom:video-decoder-ogg-theora: a1e56fd34408186e4bbccfd4996cb3dc -> 
  custom:framework-win-MediaFoundation: 216162199b28c13a410421893ffa2e32 -> 
  custom:CustomObjectIndexerAttribute: 9a22284fe3817be447336de3de66b15e -> 
  custom:container-demuxer-webm: 4f35f7cbe854078d1ac9338744f61a02 -> 
  custom:container-muxer-webm: aa71ff27fc2769a1b78a27578f13a17b -> 
  custom:video-decoder-webm-vp8: 9c59270c3fd7afecdb556c50c9e8de78 -> 
  custom:SearchIndexIgnoredProperties: e643bd26f0fe6173181afceb89e7c659 -> 
  custom:scripting/monoscript/fileName/SceneOverlay.cs: 808f49a6741b78a437f5ea7129863d80 -> 
  custom:AudioImporter_EditorPlatform: d09bf68614088b80899f8185d706f6e7 -> 
  custom:video-encoder-webm-vp8: eb34c28f22e8b96e1ab97ce403110664 -> 
  custom:audio-decoder-ogg-vorbis: bf7c407c2cedff20999df2af8eb42d56 -> 
  custom:scripting/monoscript/fileName/SceneSwitcher.cs: 82650212eef756784afd1b30cb6bafc7 -> 
  custom:scripting/monoscript/fileName/SceneManager.cs: 808f49a6741b78a437f5ea7129863d80 -> d58d51c04dae40ec635353c4a73b2e02
  custom:audio-encoder-webm-vorbis: bf7c407c2cedff20999df2af8eb42d56 -> 
  custom:scripting/precompiled-assembly-types:Assembly-CSharp: fdb7fd3d03a7410767242e89a42ef1b5 -> a3d31057fde5e2e4cde5e49196805b6b
========================================================================
Received Prepare
Caller must complete domain reload
Begin MonoManager ReloadAssembly
- Loaded All Assemblies, in  0.367 seconds
Native extension for WindowsStandalone target not found
Native extension for Android target not found
Native extension for WebGL target not found
[Package Manager] Server::EnsureServerProcessIsRunning -- launch failed, reason: Unity was launched with the -noUpm command-line argument
[Package Manager] UpmClient::Send -- Unable to send message (not connected to UPM process).
[Package Manager] Cannot connect to Unity Package Manager local server
Mono: successfully reloaded assembly
- Finished resetting the current domain, in  1.165 seconds
Domain Reload Profiling: 1531ms
	BeginReloadAssembly (136ms)
		ExecutionOrderSort (0ms)
		DisableScriptedObjects (4ms)
		BackupInstance (0ms)
		ReleaseScriptingObjects (0ms)
		CreateAndSetChildDomain (34ms)
	RebuildCommonClasses (26ms)
	RebuildNativeTypeToScriptingClass (8ms)
	initialDomainReloadingComplete (22ms)
	LoadAllAssembliesAndSetupDomain (173ms)
		LoadAssemblies (231ms)
		RebuildTransferFunctionScriptingTraits (0ms)
		AnalyzeDomain (11ms)
			TypeCache.Refresh (5ms)
				TypeCache.ScanAssembly (0ms)
			ScanForSourceGeneratedMonoScriptInfo (0ms)
			ResolveRequiredComponents (4ms)
	FinalizeReload (1165ms)
		ReleaseScriptCaches (0ms)
		RebuildScriptCaches (0ms)
		SetupLoadedEditorAssemblies (702ms)
			LogAssemblyErrors (0ms)
			InitializePlatformSupportModulesInManaged (20ms)
			SetLoadedEditorAssemblies (5ms)
			RefreshPlugins (0ms)
			BeforeProcessingInitializeOnLoad (67ms)
			ProcessInitializeOnLoadAttributes (581ms)
			ProcessInitializeOnLoadMethodAttributes (22ms)
			AfterProcessingInitializeOnLoad (6ms)
			EditorAssembliesLoaded (0ms)
		ExecutionOrderSort2 (0ms)
		AwakeInstancesAfterBackupRestoration (7ms)
Refreshing native plugins compatible for Editor in 3.87 ms, found 3 plugins.
Preloading 0 native plugins for Editor in 0.00 ms.
Unloading 3085 Unused Serialized files (Serialized files now loaded: 0)
Unloading 13 unused Assets / (27.6 KB). Loaded Objects now: 3605.
Memory consumption went from 125.4 MB to 125.4 MB.
Total: 5.534800 ms (FindLiveObjects: 0.692200 ms CreateObjectMapping: 0.292800 ms MarkObjects: 4.478900 ms  DeleteObjects: 0.069300 ms)

Prepare: number of updated asset objects reloaded= 0
AssetImportParameters requested are different than current active one (requested -> active):
  custom:container-demuxer-ogg: 62fdf1f143b41e24485cea50d1cbac27 -> 
  custom:video-codec-MediaFoundation-h265: 746d11721c4dcdbdad8f713fa42b33f4 -> 
  custom:video-decoder-ogg-theora: a1e56fd34408186e4bbccfd4996cb3dc -> 
  custom:framework-win-MediaFoundation: 216162199b28c13a410421893ffa2e32 -> 
  custom:CustomObjectIndexerAttribute: 9a22284fe3817be447336de3de66b15e -> 
  custom:container-demuxer-webm: 4f35f7cbe854078d1ac9338744f61a02 -> 
  custom:container-muxer-webm: aa71ff27fc2769a1b78a27578f13a17b -> 
  custom:video-decoder-webm-vp8: 9c59270c3fd7afecdb556c50c9e8de78 -> 
  custom:SearchIndexIgnoredProperties: e643bd26f0fe6173181afceb89e7c659 -> 
  custom:scripting/monoscript/fileName/SceneOverlay.cs: 808f49a6741b78a437f5ea7129863d80 -> 
  custom:AudioImporter_EditorPlatform: d09bf68614088b80899f8185d706f6e7 -> 
  custom:video-encoder-webm-vp8: eb34c28f22e8b96e1ab97ce403110664 -> 
  custom:audio-decoder-ogg-vorbis: bf7c407c2cedff20999df2af8eb42d56 -> 
  custom:scripting/monoscript/fileName/SceneSwitcher.cs: 82650212eef756784afd1b30cb6bafc7 -> 
  custom:scripting/monoscript/fileName/SceneManager.cs: 808f49a6741b78a437f5ea7129863d80 -> d58d51c04dae40ec635353c4a73b2e02
  custom:audio-encoder-webm-vorbis: bf7c407c2cedff20999df2af8eb42d56 -> 
  custom:scripting/precompiled-assembly-types:Assembly-CSharp: fdb7fd3d03a7410767242e89a42ef1b5 -> a3d31057fde5e2e4cde5e49196805b6b
